<?xml version="1.0" encoding="UTF-8"?>
<!-- Generated by org.testng.reporters.JUnitReportReporter -->
<testsuite hostname="Vishesh" failures="0" tests="1" name="com.lambdatest.Tests.LambdaTest" time="32.884" errors="0" timestamp="12 Apr 2021 15:36:48 GMT">
  <testcase classname="com.lambdatest.Tests.LambdaTest" name="testScript" time="32.884"/>
</testsuite> <!-- com.lambdatest.Tests.LambdaTest -->
